<?xml version="1.0" encoding="UTF-8" ?>
<testsuite tests="3" failures="0" name="com.cg.test.TestEmployee" time="0.004" errors="0" skipped="0">
  <properties>
[...]
</properties>
  <testcase classname="com.cg.test.TestEmployee" name="com.cg.test.TestEmployee.testUpdate" time="0.004"/>
  <testcase classname="com.cg.test.TestEmployee" name="com.cg.test.TestEmployee.testSave" time="0"/>
  <testcase classname="com.cg.test.TestEmployee" name="com.cg.test.TestEmployee.testModify" time="0"/>
</testsuite>